[21:05:37] [INIT] KubeJS 2001.6.5-build.16; MC 2001 fabric
[21:05:37] [INIT] Loaded plugins:
[21:05:37] [INIT] - dev.latvian.mods.kubejs.fabric.BuiltinKubeJSFabricPlugin
[21:05:37] [INIT] - dev.latvian.mods.kubejs.fabric.BuiltinKubeJSFabricClientPlugin
[21:05:37] [INIT] - net.mehvahdjukaar.sawmill.integration.KubeJsPlugin
[21:05:37] [INFO] Loaded script server_scripts:campfire_comfort.js in 0.007 s
[21:05:37] [INFO] Loaded script server_scripts:spawner.js in 0.0 s
[21:05:37] [INFO] Loaded 2/2 KubeJS server scripts in 0.013 s with 0 errors and 0 warnings
[21:05:37] [INFO] Scripts loaded
[21:05:49] [INFO] Server resource reload complete!
[21:05:55] [ERROR] ! campfire_comfort.js#6: Error in 'PlayerEvents.tick': Cannot convert dev.latvian.mods.rhino.Undefined@0 to boolean
[21:05:55] [ERROR] ! …rhino.EvaluatorException: Cannot convert …rhino.Undefined@0 to boolean (server_scripts:campfire_comfort.js#6)
[21:05:55] [ERROR] !   at knot//…rhino.DefaultErrorReporter.runtimeError(DefaultErrorReporter.java:67)
[21:05:55] [ERROR] !   at knot//…rhino.Context.reportRuntimeError(Context.java:133)
[21:05:55] [ERROR] !   at knot//…rhino.Context.reportRuntimeError(Context.java:173)
[21:05:55] [ERROR] !   at knot//…rhino.Context.reportRuntimeError2(Context.java:150)
[21:05:55] [ERROR] !   at knot//…rhino.NativeJavaObject.reportConversionError(NativeJavaObject.java:562)
[21:05:55] [ERROR] !   at knot//…rhino.NativeJavaObject.coerceTypeImpl(NativeJavaObject.java:283)
[21:05:55] [ERROR] !   at knot//…rhino.Context.jsToJava(Context.java:237)
[21:05:55] [ERROR] !   at knot//…rhino.InterfaceAdapter.invoke(InterfaceAdapter.java:130)
[21:05:55] [ERROR] !   at knot//…rhino.VMBridge.lambda$newInterfaceProxy$0(VMBridge.java:74)
[21:05:55] [ERROR] !   at jdk.proxy1/jdk.proxy1.$Proxy337.test(Unknown Source)
[21:05:55] [ERROR] !   at knot//net.minecraft.class_2338.method_25997(class_2338.java:500)
[21:05:55] [ERROR] !   at java.lang.reflect.Method.invoke(Method.java:580)
[21:05:55] [ERROR] !   at knot//…rhino.MemberBox.invoke(MemberBox.java:160)
[21:05:55] [ERROR] !   at knot//…rhino.NativeJavaMethod.call(NativeJavaMethod.java:463)
[21:05:55] [ERROR] !   at knot//…rhino.Interpreter.interpretLoop(Interpreter.java:986)
[21:05:55] [ERROR] !   at script(server_scripts:campfire_comfort.js:6)
[21:05:55] [ERROR] !   at knot//…rhino.Interpreter.interpret(Interpreter.java:370)
[21:05:55] [ERROR] !   at knot//…rhino.InterpretedFunction.call(InterpretedFunction.java:72)
[21:05:55] [ERROR] !   at knot//…rhino.Context.callSync(Context.java:1290)
[21:05:55] [ERROR] !   at knot//…rhino.Context.doTopCall(Context.java:1307)
[21:05:55] [ERROR] !   at knot//…rhino.InterpretedFunction.call(InterpretedFunction.java:70)
[21:05:55] [ERROR] !   at knot//…rhino.Context.callSync(Context.java:1290)
[21:05:55] [ERROR] !   at knot//…rhino.ArrowFunction.call(ArrowFunction.java:42)
[21:05:55] [ERROR] !   at knot//…rhino.Context.callSync(Context.java:1290)
[21:05:55] [ERROR] !   at knot//…rhino.InterfaceAdapter.invoke(InterfaceAdapter.java:125)
[21:05:55] [ERROR] !   at knot//…rhino.VMBridge.lambda$newInterfaceProxy$0(VMBridge.java:74)
[21:05:55] [ERROR] !   at knot/jdk.proxy2/jdk.proxy2.$Proxy119.onEvent(Unknown Source)
[21:05:55] [ERROR] !   at knot//…kubejs.event.EventHandlerContainer.handle(EventHandlerContainer.java:39)
[21:05:55] [ERROR] !   at knot//…kubejs.event.EventHandler.postToHandlers(EventHandler.java:304)
[21:05:55] [ERROR] !   at knot//…kubejs.event.EventHandler.post(EventHandler.java:272)
[21:05:55] [ERROR] !   at knot//…kubejs.event.EventHandler.post(EventHandler.java:226)
[21:05:55] [ERROR] !   at knot//…kubejs.event.EventHandler.post(EventHandler.java:189)
[21:05:55] [ERROR] !   at knot//…kubejs.player.KubeJSPlayerEventHandler.tick(KubeJSPlayerEventHandler.java:55)
[21:05:55] [ERROR] !   at java.lang.invoke.MethodHandle.invokeWithArguments(MethodHandle.java:733)
[21:05:55] [ERROR] !   at knot//dev.architectury.event.EventFactory.invokeMethod(EventFactory.java:53)
[21:05:55] [ERROR] !   at knot//dev.architectury.event.EventFactory$1.handleInvocation(EventFactory.java:62)
[21:05:55] [ERROR] !   at knot//com.google.common.reflect.AbstractInvocationHandler.invoke(AbstractInvocationHandler.java:87)
[21:05:55] [ERROR] !   at knot/jdk.proxy2/jdk.proxy2.$Proxy315.tick(Unknown Source)
[21:05:55] [ERROR] !   at knot//net.minecraft.class_1657.handler$bbo001$architectury$postTick(class_1657.java:9409)
[21:05:55] [ERROR] !   at knot//net.minecraft.class_1657.method_5773(class_1657.java:332)
[21:05:55] [ERROR] !   at knot//net.minecraft.class_3222.method_14226(class_3222.java:510)
[21:05:55] [ERROR] !   at knot//net.minecraft.class_3244.method_18784(class_3244.java:269)
[21:05:55] [ERROR] !   at knot//net.minecraft.class_2535.method_10754(class_2535.java:259)
[21:05:55] [ERROR] !   at knot//net.minecraft.class_3242.method_14357(class_3242.java:172)
[21:05:55] [ERROR] !   at knot//net.minecraft.server.MinecraftServer.method_3813(MinecraftServer.java:908)
[21:05:55] [ERROR] !   at knot//net.minecraft.server.MinecraftServer.method_3748(MinecraftServer.java:824)
[21:05:55] [ERROR] !   at knot//net.minecraft.class_1132.method_3748(class_1132.java:105)
[21:05:55] [ERROR] !   at knot//net.minecraft.server.MinecraftServer.method_29741(MinecraftServer.java:671)
[21:05:55] [ERROR] !   at knot//net.minecraft.server.MinecraftServer.method_29739(MinecraftServer.java:265)
[21:05:55] [ERROR] !   at java.lang.Thread.run(Thread.java:1583)
[21:06:01] [ERROR] ! campfire_comfort.js#6: Error in 'PlayerEvents.tick': Cannot convert dev.latvian.mods.rhino.Undefined@0 to boolean
[21:06:01] [ERROR] ! …rhino.EvaluatorException: Cannot convert …rhino.Undefined@0 to boolean (server_scripts:campfire_comfort.js#6)
[21:06:01] [ERROR] !   at knot//…rhino.DefaultErrorReporter.runtimeError(DefaultErrorReporter.java:67)
[21:06:01] [ERROR] !   at knot//…rhino.Context.reportRuntimeError(Context.java:133)
[21:06:01] [ERROR] !   at knot//…rhino.Context.reportRuntimeError(Context.java:173)
[21:06:01] [ERROR] !   at knot//…rhino.Context.reportRuntimeError2(Context.java:150)
[21:06:01] [ERROR] !   at knot//…rhino.NativeJavaObject.reportConversionError(NativeJavaObject.java:562)
[21:06:01] [ERROR] !   at knot//…rhino.NativeJavaObject.coerceTypeImpl(NativeJavaObject.java:283)
[21:06:01] [ERROR] !   at knot//…rhino.Context.jsToJava(Context.java:237)
[21:06:01] [ERROR] !   at knot//…rhino.InterfaceAdapter.invoke(InterfaceAdapter.java:130)
[21:06:01] [ERROR] !   at knot//…rhino.VMBridge.lambda$newInterfaceProxy$0(VMBridge.java:74)
[21:06:01] [ERROR] !   at jdk.proxy1/jdk.proxy1.$Proxy337.test(Unknown Source)
[21:06:01] [ERROR] !   at knot//net.minecraft.class_2338.method_25997(class_2338.java:500)
[21:06:01] [ERROR] !   at java.lang.reflect.Method.invoke(Method.java:580)
[21:06:01] [ERROR] !   at knot//…rhino.MemberBox.invoke(MemberBox.java:160)
[21:06:01] [ERROR] !   at knot//…rhino.NativeJavaMethod.call(NativeJavaMethod.java:463)
[21:06:01] [ERROR] !   at knot//…rhino.Interpreter.interpretLoop(Interpreter.java:986)
[21:06:01] [ERROR] !   at script(server_scripts:campfire_comfort.js:6)
[21:06:01] [ERROR] !   at knot//…rhino.Interpreter.interpret(Interpreter.java:370)
[21:06:01] [ERROR] !   at knot//…rhino.InterpretedFunction.call(InterpretedFunction.java:72)
[21:06:01] [ERROR] !   at knot//…rhino.Context.callSync(Context.java:1290)
[21:06:01] [ERROR] !   at knot//…rhino.Context.doTopCall(Context.java:1307)
[21:06:01] [ERROR] !   at knot//…rhino.InterpretedFunction.call(InterpretedFunction.java:70)
[21:06:01] [ERROR] !   at knot//…rhino.Context.callSync(Context.java:1290)
[21:06:01] [ERROR] !   at knot//…rhino.ArrowFunction.call(ArrowFunction.java:42)
[21:06:01] [ERROR] !   at knot//…rhino.Context.callSync(Context.java:1290)
[21:06:01] [ERROR] !   at knot//…rhino.InterfaceAdapter.invoke(InterfaceAdapter.java:125)
[21:06:01] [ERROR] !   at knot//…rhino.VMBridge.lambda$newInterfaceProxy$0(VMBridge.java:74)
[21:06:01] [ERROR] !   at knot/jdk.proxy2/jdk.proxy2.$Proxy119.onEvent(Unknown Source)
[21:06:01] [ERROR] !   at knot//…kubejs.event.EventHandlerContainer.handle(EventHandlerContainer.java:39)
[21:06:01] [ERROR] !   at knot//…kubejs.event.EventHandler.postToHandlers(EventHandler.java:304)
[21:06:01] [ERROR] !   at knot//…kubejs.event.EventHandler.post(EventHandler.java:272)
[21:06:01] [ERROR] !   at knot//…kubejs.event.EventHandler.post(EventHandler.java:226)
[21:06:01] [ERROR] !   at knot//…kubejs.event.EventHandler.post(EventHandler.java:189)
[21:06:01] [ERROR] !   at knot//…kubejs.player.KubeJSPlayerEventHandler.tick(KubeJSPlayerEventHandler.java:55)
[21:06:01] [ERROR] !   at java.lang.invoke.MethodHandle.invokeWithArguments(MethodHandle.java:733)
[21:06:01] [ERROR] !   at knot//dev.architectury.event.EventFactory.invokeMethod(EventFactory.java:53)
[21:06:01] [ERROR] !   at knot//dev.architectury.event.EventFactory$1.handleInvocation(EventFactory.java:62)
[21:06:01] [ERROR] !   at knot//com.google.common.reflect.AbstractInvocationHandler.invoke(AbstractInvocationHandler.java:87)
[21:06:01] [ERROR] !   at knot/jdk.proxy2/jdk.proxy2.$Proxy315.tick(Unknown Source)
[21:06:01] [ERROR] !   at knot//net.minecraft.class_1657.handler$bbo001$architectury$postTick(class_1657.java:9409)
[21:06:01] [ERROR] !   at knot//net.minecraft.class_1657.method_5773(class_1657.java:332)
[21:06:01] [ERROR] !   at knot//net.minecraft.class_3222.method_14226(class_3222.java:510)
[21:06:01] [ERROR] !   at knot//net.minecraft.class_3244.method_18784(class_3244.java:269)
[21:06:01] [ERROR] !   at knot//net.minecraft.class_2535.method_10754(class_2535.java:259)
[21:06:01] [ERROR] !   at knot//net.minecraft.class_3242.method_14357(class_3242.java:172)
[21:06:01] [ERROR] !   at knot//net.minecraft.server.MinecraftServer.method_3813(MinecraftServer.java:908)
[21:06:01] [ERROR] !   at knot//net.minecraft.server.MinecraftServer.method_3748(MinecraftServer.java:824)
[21:06:01] [ERROR] !   at knot//net.minecraft.class_1132.method_3748(class_1132.java:105)
[21:06:01] [ERROR] !   at knot//net.minecraft.server.MinecraftServer.method_29741(MinecraftServer.java:671)
[21:06:01] [ERROR] !   at knot//net.minecraft.server.MinecraftServer.method_29739(MinecraftServer.java:265)
[21:06:01] [ERROR] !   at java.lang.Thread.run(Thread.java:1583)
[21:06:04] [ERROR] ! campfire_comfort.js#6: Error in 'PlayerEvents.tick': Cannot convert dev.latvian.mods.rhino.Undefined@0 to boolean
[21:06:04] [ERROR] ! …rhino.EvaluatorException: Cannot convert …rhino.Undefined@0 to boolean (server_scripts:campfire_comfort.js#6)
[21:06:04] [ERROR] !   at knot//…rhino.DefaultErrorReporter.runtimeError(DefaultErrorReporter.java:67)
[21:06:04] [ERROR] !   at knot//…rhino.Context.reportRuntimeError(Context.java:133)
[21:06:04] [ERROR] !   at knot//…rhino.Context.reportRuntimeError(Context.java:173)
[21:06:04] [ERROR] !   at knot//…rhino.Context.reportRuntimeError2(Context.java:150)
[21:06:04] [ERROR] !   at knot//…rhino.NativeJavaObject.reportConversionError(NativeJavaObject.java:562)
[21:06:04] [ERROR] !   at knot//…rhino.NativeJavaObject.coerceTypeImpl(NativeJavaObject.java:283)
[21:06:04] [ERROR] !   at knot//…rhino.Context.jsToJava(Context.java:237)
[21:06:04] [ERROR] !   at knot//…rhino.InterfaceAdapter.invoke(InterfaceAdapter.java:130)
[21:06:04] [ERROR] !   at knot//…rhino.VMBridge.lambda$newInterfaceProxy$0(VMBridge.java:74)
[21:06:04] [ERROR] !   at jdk.proxy1/jdk.proxy1.$Proxy337.test(Unknown Source)
[21:06:04] [ERROR] !   at knot//net.minecraft.class_2338.method_25997(class_2338.java:500)
[21:06:04] [ERROR] !   at java.lang.reflect.Method.invoke(Method.java:580)
[21:06:04] [ERROR] !   at knot//…rhino.MemberBox.invoke(MemberBox.java:160)
[21:06:04] [ERROR] !   at knot//…rhino.NativeJavaMethod.call(NativeJavaMethod.java:463)
[21:06:04] [ERROR] !   at knot//…rhino.Interpreter.interpretLoop(Interpreter.java:986)
[21:06:04] [ERROR] !   at script(server_scripts:campfire_comfort.js:6)
[21:06:04] [ERROR] !   at knot//…rhino.Interpreter.interpret(Interpreter.java:370)
[21:06:04] [ERROR] !   at knot//…rhino.InterpretedFunction.call(InterpretedFunction.java:72)
[21:06:04] [ERROR] !   at knot//…rhino.Context.callSync(Context.java:1290)
[21:06:04] [ERROR] !   at knot//…rhino.Context.doTopCall(Context.java:1307)
[21:06:04] [ERROR] !   at knot//…rhino.InterpretedFunction.call(InterpretedFunction.java:70)
[21:06:04] [ERROR] !   at knot//…rhino.Context.callSync(Context.java:1290)
[21:06:04] [ERROR] !   at knot//…rhino.ArrowFunction.call(ArrowFunction.java:42)
[21:06:04] [ERROR] !   at knot//…rhino.Context.callSync(Context.java:1290)
[21:06:04] [ERROR] !   at knot//…rhino.InterfaceAdapter.invoke(InterfaceAdapter.java:125)
[21:06:04] [ERROR] !   at knot//…rhino.VMBridge.lambda$newInterfaceProxy$0(VMBridge.java:74)
[21:06:04] [ERROR] !   at knot/jdk.proxy2/jdk.proxy2.$Proxy119.onEvent(Unknown Source)
[21:06:04] [ERROR] !   at knot//…kubejs.event.EventHandlerContainer.handle(EventHandlerContainer.java:39)
[21:06:04] [ERROR] !   at knot//…kubejs.event.EventHandler.postToHandlers(EventHandler.java:304)
[21:06:04] [ERROR] !   at knot//…kubejs.event.EventHandler.post(EventHandler.java:272)
[21:06:04] [ERROR] !   at knot//…kubejs.event.EventHandler.post(EventHandler.java:226)
[21:06:04] [ERROR] !   at knot//…kubejs.event.EventHandler.post(EventHandler.java:189)
[21:06:04] [ERROR] !   at knot//…kubejs.player.KubeJSPlayerEventHandler.tick(KubeJSPlayerEventHandler.java:55)
[21:06:04] [ERROR] !   at java.lang.invoke.MethodHandle.invokeWithArguments(MethodHandle.java:733)
[21:06:04] [ERROR] !   at knot//dev.architectury.event.EventFactory.invokeMethod(EventFactory.java:53)
[21:06:04] [ERROR] !   at knot//dev.architectury.event.EventFactory$1.handleInvocation(EventFactory.java:62)
[21:06:04] [ERROR] !   at knot//com.google.common.reflect.AbstractInvocationHandler.invoke(AbstractInvocationHandler.java:87)
[21:06:04] [ERROR] !   at knot/jdk.proxy2/jdk.proxy2.$Proxy315.tick(Unknown Source)
[21:06:04] [ERROR] !   at knot//net.minecraft.class_1657.handler$bbo001$architectury$postTick(class_1657.java:9409)
[21:06:04] [ERROR] !   at knot//net.minecraft.class_1657.method_5773(class_1657.java:332)
[21:06:04] [ERROR] !   at knot//net.minecraft.class_3222.method_14226(class_3222.java:510)
[21:06:04] [ERROR] !   at knot//net.minecraft.class_3244.method_18784(class_3244.java:269)
[21:06:04] [ERROR] !   at knot//net.minecraft.class_2535.method_10754(class_2535.java:259)
[21:06:04] [ERROR] !   at knot//net.minecraft.class_3242.method_14357(class_3242.java:172)
[21:06:04] [ERROR] !   at knot//net.minecraft.server.MinecraftServer.method_3813(MinecraftServer.java:908)
[21:06:04] [ERROR] !   at knot//net.minecraft.server.MinecraftServer.method_3748(MinecraftServer.java:824)
[21:06:04] [ERROR] !   at knot//net.minecraft.class_1132.method_3748(class_1132.java:105)
[21:06:04] [ERROR] !   at knot//net.minecraft.server.MinecraftServer.method_29741(MinecraftServer.java:671)
[21:06:04] [ERROR] !   at knot//net.minecraft.server.MinecraftServer.method_29739(MinecraftServer.java:265)
[21:06:04] [ERROR] !   at java.lang.Thread.run(Thread.java:1583)
[21:06:08] [ERROR] ! campfire_comfort.js#6: Error in 'PlayerEvents.tick': Cannot convert dev.latvian.mods.rhino.Undefined@0 to boolean
[21:06:08] [ERROR] ! …rhino.EvaluatorException: Cannot convert …rhino.Undefined@0 to boolean (server_scripts:campfire_comfort.js#6)
[21:06:08] [ERROR] !   at knot//…rhino.DefaultErrorReporter.runtimeError(DefaultErrorReporter.java:67)
[21:06:08] [ERROR] !   at knot//…rhino.Context.reportRuntimeError(Context.java:133)
[21:06:08] [ERROR] !   at knot//…rhino.Context.reportRuntimeError(Context.java:173)
[21:06:08] [ERROR] !   at knot//…rhino.Context.reportRuntimeError2(Context.java:150)
[21:06:08] [ERROR] !   at knot//…rhino.NativeJavaObject.reportConversionError(NativeJavaObject.java:562)
[21:06:08] [ERROR] !   at knot//…rhino.NativeJavaObject.coerceTypeImpl(NativeJavaObject.java:283)
[21:06:08] [ERROR] !   at knot//…rhino.Context.jsToJava(Context.java:237)
[21:06:08] [ERROR] !   at knot//…rhino.InterfaceAdapter.invoke(InterfaceAdapter.java:130)
[21:06:08] [ERROR] !   at knot//…rhino.VMBridge.lambda$newInterfaceProxy$0(VMBridge.java:74)
[21:06:08] [ERROR] !   at jdk.proxy1/jdk.proxy1.$Proxy337.test(Unknown Source)
[21:06:08] [ERROR] !   at knot//net.minecraft.class_2338.method_25997(class_2338.java:500)
[21:06:08] [ERROR] !   at java.lang.reflect.Method.invoke(Method.java:580)
[21:06:08] [ERROR] !   at knot//…rhino.MemberBox.invoke(MemberBox.java:160)
[21:06:08] [ERROR] !   at knot//…rhino.NativeJavaMethod.call(NativeJavaMethod.java:463)
[21:06:08] [ERROR] !   at knot//…rhino.Interpreter.interpretLoop(Interpreter.java:986)
[21:06:08] [ERROR] !   at script(server_scripts:campfire_comfort.js:6)
[21:06:08] [ERROR] !   at knot//…rhino.Interpreter.interpret(Interpreter.java:370)
[21:06:08] [ERROR] !   at knot//…rhino.InterpretedFunction.call(InterpretedFunction.java:72)
[21:06:08] [ERROR] !   at knot//…rhino.Context.callSync(Context.java:1290)
[21:06:08] [ERROR] !   at knot//…rhino.Context.doTopCall(Context.java:1307)
[21:06:08] [ERROR] !   at knot//…rhino.InterpretedFunction.call(InterpretedFunction.java:70)
[21:06:08] [ERROR] !   at knot//…rhino.Context.callSync(Context.java:1290)
[21:06:08] [ERROR] !   at knot//…rhino.ArrowFunction.call(ArrowFunction.java:42)
[21:06:08] [ERROR] !   at knot//…rhino.Context.callSync(Context.java:1290)
[21:06:08] [ERROR] !   at knot//…rhino.InterfaceAdapter.invoke(InterfaceAdapter.java:125)
[21:06:08] [ERROR] !   at knot//…rhino.VMBridge.lambda$newInterfaceProxy$0(VMBridge.java:74)
[21:06:08] [ERROR] !   at knot/jdk.proxy2/jdk.proxy2.$Proxy119.onEvent(Unknown Source)
[21:06:08] [ERROR] !   at knot//…kubejs.event.EventHandlerContainer.handle(EventHandlerContainer.java:39)
[21:06:08] [ERROR] !   at knot//…kubejs.event.EventHandler.postToHandlers(EventHandler.java:304)
[21:06:08] [ERROR] !   at knot//…kubejs.event.EventHandler.post(EventHandler.java:272)
[21:06:08] [ERROR] !   at knot//…kubejs.event.EventHandler.post(EventHandler.java:226)
[21:06:08] [ERROR] !   at knot//…kubejs.event.EventHandler.post(EventHandler.java:189)
[21:06:08] [ERROR] !   at knot//…kubejs.player.KubeJSPlayerEventHandler.tick(KubeJSPlayerEventHandler.java:55)
[21:06:08] [ERROR] !   at java.lang.invoke.MethodHandle.invokeWithArguments(MethodHandle.java:733)
[21:06:08] [ERROR] !   at knot//dev.architectury.event.EventFactory.invokeMethod(EventFactory.java:53)
[21:06:08] [ERROR] !   at knot//dev.architectury.event.EventFactory$1.handleInvocation(EventFactory.java:62)
[21:06:08] [ERROR] !   at knot//com.google.common.reflect.AbstractInvocationHandler.invoke(AbstractInvocationHandler.java:87)
[21:06:08] [ERROR] !   at knot/jdk.proxy2/jdk.proxy2.$Proxy315.tick(Unknown Source)
[21:06:08] [ERROR] !   at knot//net.minecraft.class_1657.handler$bbo001$architectury$postTick(class_1657.java:9409)
[21:06:08] [ERROR] !   at knot//net.minecraft.class_1657.method_5773(class_1657.java:332)
[21:06:08] [ERROR] !   at knot//net.minecraft.class_3222.method_14226(class_3222.java:510)
[21:06:08] [ERROR] !   at knot//net.minecraft.class_3244.method_18784(class_3244.java:269)
[21:06:08] [ERROR] !   at knot//net.minecraft.class_2535.method_10754(class_2535.java:259)
[21:06:08] [ERROR] !   at knot//net.minecraft.class_3242.method_14357(class_3242.java:172)
[21:06:08] [ERROR] !   at knot//net.minecraft.server.MinecraftServer.method_3813(MinecraftServer.java:908)
[21:06:08] [ERROR] !   at knot//net.minecraft.server.MinecraftServer.method_3748(MinecraftServer.java:824)
[21:06:08] [ERROR] !   at knot//net.minecraft.class_1132.method_3748(class_1132.java:105)
[21:06:08] [ERROR] !   at knot//net.minecraft.server.MinecraftServer.method_29741(MinecraftServer.java:671)
[21:06:08] [ERROR] !   at knot//net.minecraft.server.MinecraftServer.method_29739(MinecraftServer.java:265)
[21:06:08] [ERROR] !   at java.lang.Thread.run(Thread.java:1583)
[21:06:12] [ERROR] ! campfire_comfort.js#6: Error in 'PlayerEvents.tick': Cannot convert dev.latvian.mods.rhino.Undefined@0 to boolean
[21:06:12] [ERROR] ! …rhino.EvaluatorException: Cannot convert …rhino.Undefined@0 to boolean (server_scripts:campfire_comfort.js#6)
[21:06:12] [ERROR] !   at knot//…rhino.DefaultErrorReporter.runtimeError(DefaultErrorReporter.java:67)
[21:06:12] [ERROR] !   at knot//…rhino.Context.reportRuntimeError(Context.java:133)
[21:06:12] [ERROR] !   at knot//…rhino.Context.reportRuntimeError(Context.java:173)
[21:06:12] [ERROR] !   at knot//…rhino.Context.reportRuntimeError2(Context.java:150)
[21:06:12] [ERROR] !   at knot//…rhino.NativeJavaObject.reportConversionError(NativeJavaObject.java:562)
[21:06:12] [ERROR] !   at knot//…rhino.NativeJavaObject.coerceTypeImpl(NativeJavaObject.java:283)
[21:06:12] [ERROR] !   at knot//…rhino.Context.jsToJava(Context.java:237)
[21:06:12] [ERROR] !   at knot//…rhino.InterfaceAdapter.invoke(InterfaceAdapter.java:130)
[21:06:12] [ERROR] !   at knot//…rhino.VMBridge.lambda$newInterfaceProxy$0(VMBridge.java:74)
[21:06:12] [ERROR] !   at jdk.proxy1/jdk.proxy1.$Proxy337.test(Unknown Source)
[21:06:12] [ERROR] !   at knot//net.minecraft.class_2338.method_25997(class_2338.java:500)
[21:06:12] [ERROR] !   at java.lang.reflect.Method.invoke(Method.java:580)
[21:06:12] [ERROR] !   at knot//…rhino.MemberBox.invoke(MemberBox.java:160)
[21:06:12] [ERROR] !   at knot//…rhino.NativeJavaMethod.call(NativeJavaMethod.java:463)
[21:06:12] [ERROR] !   at knot//…rhino.Interpreter.interpretLoop(Interpreter.java:986)
[21:06:12] [ERROR] !   at script(server_scripts:campfire_comfort.js:6)
[21:06:12] [ERROR] !   at knot//…rhino.Interpreter.interpret(Interpreter.java:370)
[21:06:12] [ERROR] !   at knot//…rhino.InterpretedFunction.call(InterpretedFunction.java:72)
[21:06:12] [ERROR] !   at knot//…rhino.Context.callSync(Context.java:1290)
[21:06:12] [ERROR] !   at knot//…rhino.Context.doTopCall(Context.java:1307)
[21:06:12] [ERROR] !   at knot//…rhino.InterpretedFunction.call(InterpretedFunction.java:70)
[21:06:12] [ERROR] !   at knot//…rhino.Context.callSync(Context.java:1290)
[21:06:12] [ERROR] !   at knot//…rhino.ArrowFunction.call(ArrowFunction.java:42)
[21:06:12] [ERROR] !   at knot//…rhino.Context.callSync(Context.java:1290)
[21:06:12] [ERROR] !   at knot//…rhino.InterfaceAdapter.invoke(InterfaceAdapter.java:125)
[21:06:12] [ERROR] !   at knot//…rhino.VMBridge.lambda$newInterfaceProxy$0(VMBridge.java:74)
[21:06:12] [ERROR] !   at knot/jdk.proxy2/jdk.proxy2.$Proxy119.onEvent(Unknown Source)
[21:06:12] [ERROR] !   at knot//…kubejs.event.EventHandlerContainer.handle(EventHandlerContainer.java:39)
[21:06:12] [ERROR] !   at knot//…kubejs.event.EventHandler.postToHandlers(EventHandler.java:304)
[21:06:12] [ERROR] !   at knot//…kubejs.event.EventHandler.post(EventHandler.java:272)
[21:06:12] [ERROR] !   at knot//…kubejs.event.EventHandler.post(EventHandler.java:226)
[21:06:12] [ERROR] !   at knot//…kubejs.event.EventHandler.post(EventHandler.java:189)
[21:06:12] [ERROR] !   at knot//…kubejs.player.KubeJSPlayerEventHandler.tick(KubeJSPlayerEventHandler.java:55)
[21:06:12] [ERROR] !   at java.lang.invoke.MethodHandle.invokeWithArguments(MethodHandle.java:733)
[21:06:12] [ERROR] !   at knot//dev.architectury.event.EventFactory.invokeMethod(EventFactory.java:53)
[21:06:12] [ERROR] !   at knot//dev.architectury.event.EventFactory$1.handleInvocation(EventFactory.java:62)
[21:06:12] [ERROR] !   at knot//com.google.common.reflect.AbstractInvocationHandler.invoke(AbstractInvocationHandler.java:87)
[21:06:12] [ERROR] !   at knot/jdk.proxy2/jdk.proxy2.$Proxy315.tick(Unknown Source)
[21:06:12] [ERROR] !   at knot//net.minecraft.class_1657.handler$bbo001$architectury$postTick(class_1657.java:9409)
[21:06:12] [ERROR] !   at knot//net.minecraft.class_1657.method_5773(class_1657.java:332)
[21:06:12] [ERROR] !   at knot//net.minecraft.class_3222.method_14226(class_3222.java:510)
[21:06:12] [ERROR] !   at knot//net.minecraft.class_3244.method_18784(class_3244.java:269)
[21:06:12] [ERROR] !   at knot//net.minecraft.class_2535.method_10754(class_2535.java:259)
[21:06:12] [ERROR] !   at knot//net.minecraft.class_3242.method_14357(class_3242.java:172)
[21:06:12] [ERROR] !   at knot//net.minecraft.server.MinecraftServer.method_3813(MinecraftServer.java:908)
[21:06:12] [ERROR] !   at knot//net.minecraft.server.MinecraftServer.method_3748(MinecraftServer.java:824)
[21:06:12] [ERROR] !   at knot//net.minecraft.class_1132.method_3748(class_1132.java:105)
[21:06:12] [ERROR] !   at knot//net.minecraft.server.MinecraftServer.method_29741(MinecraftServer.java:671)
[21:06:12] [ERROR] !   at knot//net.minecraft.server.MinecraftServer.method_29739(MinecraftServer.java:265)
[21:06:12] [ERROR] !   at java.lang.Thread.run(Thread.java:1583)
[21:06:16] [ERROR] ! campfire_comfort.js#6: Error in 'PlayerEvents.tick': Cannot convert dev.latvian.mods.rhino.Undefined@0 to boolean
[21:06:16] [ERROR] ! …rhino.EvaluatorException: Cannot convert …rhino.Undefined@0 to boolean (server_scripts:campfire_comfort.js#6)
[21:06:16] [ERROR] !   at knot//…rhino.DefaultErrorReporter.runtimeError(DefaultErrorReporter.java:67)
[21:06:16] [ERROR] !   at knot//…rhino.Context.reportRuntimeError(Context.java:133)
[21:06:16] [ERROR] !   at knot//…rhino.Context.reportRuntimeError(Context.java:173)
[21:06:16] [ERROR] !   at knot//…rhino.Context.reportRuntimeError2(Context.java:150)
[21:06:16] [ERROR] !   at knot//…rhino.NativeJavaObject.reportConversionError(NativeJavaObject.java:562)
[21:06:16] [ERROR] !   at knot//…rhino.NativeJavaObject.coerceTypeImpl(NativeJavaObject.java:283)
[21:06:16] [ERROR] !   at knot//…rhino.Context.jsToJava(Context.java:237)
[21:06:16] [ERROR] !   at knot//…rhino.InterfaceAdapter.invoke(InterfaceAdapter.java:130)
[21:06:16] [ERROR] !   at knot//…rhino.VMBridge.lambda$newInterfaceProxy$0(VMBridge.java:74)
[21:06:16] [ERROR] !   at jdk.proxy1/jdk.proxy1.$Proxy337.test(Unknown Source)
[21:06:16] [ERROR] !   at knot//net.minecraft.class_2338.method_25997(class_2338.java:500)
[21:06:16] [ERROR] !   at java.lang.reflect.Method.invoke(Method.java:580)
[21:06:16] [ERROR] !   at knot//…rhino.MemberBox.invoke(MemberBox.java:160)
[21:06:16] [ERROR] !   at knot//…rhino.NativeJavaMethod.call(NativeJavaMethod.java:463)
[21:06:16] [ERROR] !   at knot//…rhino.Interpreter.interpretLoop(Interpreter.java:986)
[21:06:16] [ERROR] !   at script(server_scripts:campfire_comfort.js:6)
[21:06:16] [ERROR] !   at knot//…rhino.Interpreter.interpret(Interpreter.java:370)
[21:06:16] [ERROR] !   at knot//…rhino.InterpretedFunction.call(InterpretedFunction.java:72)
[21:06:16] [ERROR] !   at knot//…rhino.Context.callSync(Context.java:1290)
[21:06:16] [ERROR] !   at knot//…rhino.Context.doTopCall(Context.java:1307)
[21:06:16] [ERROR] !   at knot//…rhino.InterpretedFunction.call(InterpretedFunction.java:70)
[21:06:16] [ERROR] !   at knot//…rhino.Context.callSync(Context.java:1290)
[21:06:16] [ERROR] !   at knot//…rhino.ArrowFunction.call(ArrowFunction.java:42)
[21:06:16] [ERROR] !   at knot//…rhino.Context.callSync(Context.java:1290)
[21:06:16] [ERROR] !   at knot//…rhino.InterfaceAdapter.invoke(InterfaceAdapter.java:125)
[21:06:16] [ERROR] !   at knot//…rhino.VMBridge.lambda$newInterfaceProxy$0(VMBridge.java:74)
[21:06:16] [ERROR] !   at knot/jdk.proxy2/jdk.proxy2.$Proxy119.onEvent(Unknown Source)
[21:06:16] [ERROR] !   at knot//…kubejs.event.EventHandlerContainer.handle(EventHandlerContainer.java:39)
[21:06:16] [ERROR] !   at knot//…kubejs.event.EventHandler.postToHandlers(EventHandler.java:304)
[21:06:16] [ERROR] !   at knot//…kubejs.event.EventHandler.post(EventHandler.java:272)
[21:06:16] [ERROR] !   at knot//…kubejs.event.EventHandler.post(EventHandler.java:226)
[21:06:16] [ERROR] !   at knot//…kubejs.event.EventHandler.post(EventHandler.java:189)
[21:06:16] [ERROR] !   at knot//…kubejs.player.KubeJSPlayerEventHandler.tick(KubeJSPlayerEventHandler.java:55)
[21:06:16] [ERROR] !   at java.lang.invoke.MethodHandle.invokeWithArguments(MethodHandle.java:733)
[21:06:16] [ERROR] !   at knot//dev.architectury.event.EventFactory.invokeMethod(EventFactory.java:53)
[21:06:16] [ERROR] !   at knot//dev.architectury.event.EventFactory$1.handleInvocation(EventFactory.java:62)
[21:06:16] [ERROR] !   at knot//com.google.common.reflect.AbstractInvocationHandler.invoke(AbstractInvocationHandler.java:87)
[21:06:16] [ERROR] !   at knot/jdk.proxy2/jdk.proxy2.$Proxy315.tick(Unknown Source)
[21:06:16] [ERROR] !   at knot//net.minecraft.class_1657.handler$bbo001$architectury$postTick(class_1657.java:9409)
[21:06:16] [ERROR] !   at knot//net.minecraft.class_1657.method_5773(class_1657.java:332)
[21:06:16] [ERROR] !   at knot//net.minecraft.class_3222.method_14226(class_3222.java:510)
[21:06:16] [ERROR] !   at knot//net.minecraft.class_3244.method_18784(class_3244.java:269)
[21:06:16] [ERROR] !   at knot//net.minecraft.class_2535.method_10754(class_2535.java:259)
[21:06:16] [ERROR] !   at knot//net.minecraft.class_3242.method_14357(class_3242.java:172)
[21:06:16] [ERROR] !   at knot//net.minecraft.server.MinecraftServer.method_3813(MinecraftServer.java:908)
[21:06:16] [ERROR] !   at knot//net.minecraft.server.MinecraftServer.method_3748(MinecraftServer.java:824)
[21:06:16] [ERROR] !   at knot//net.minecraft.class_1132.method_3748(class_1132.java:105)
[21:06:16] [ERROR] !   at knot//net.minecraft.server.MinecraftServer.method_29741(MinecraftServer.java:671)
[21:06:16] [ERROR] !   at knot//net.minecraft.server.MinecraftServer.method_29739(MinecraftServer.java:265)
[21:06:16] [ERROR] !   at java.lang.Thread.run(Thread.java:1583)
[21:06:24] [ERROR] ! campfire_comfort.js#6: Error in 'PlayerEvents.tick': Cannot convert dev.latvian.mods.rhino.Undefined@0 to boolean
[21:06:24] [ERROR] ! …rhino.EvaluatorException: Cannot convert …rhino.Undefined@0 to boolean (server_scripts:campfire_comfort.js#6)
[21:06:24] [ERROR] !   at knot//…rhino.DefaultErrorReporter.runtimeError(DefaultErrorReporter.java:67)
[21:06:24] [ERROR] !   at knot//…rhino.Context.reportRuntimeError(Context.java:133)
[21:06:24] [ERROR] !   at knot//…rhino.Context.reportRuntimeError(Context.java:173)
[21:06:24] [ERROR] !   at knot//…rhino.Context.reportRuntimeError2(Context.java:150)
[21:06:24] [ERROR] !   at knot//…rhino.NativeJavaObject.reportConversionError(NativeJavaObject.java:562)
[21:06:24] [ERROR] !   at knot//…rhino.NativeJavaObject.coerceTypeImpl(NativeJavaObject.java:283)
[21:06:24] [ERROR] !   at knot//…rhino.Context.jsToJava(Context.java:237)
[21:06:24] [ERROR] !   at knot//…rhino.InterfaceAdapter.invoke(InterfaceAdapter.java:130)
[21:06:24] [ERROR] !   at knot//…rhino.VMBridge.lambda$newInterfaceProxy$0(VMBridge.java:74)
[21:06:24] [ERROR] !   at jdk.proxy1/jdk.proxy1.$Proxy337.test(Unknown Source)
[21:06:24] [ERROR] !   at knot//net.minecraft.class_2338.method_25997(class_2338.java:500)
[21:06:24] [ERROR] !   at java.lang.reflect.Method.invoke(Method.java:580)
[21:06:24] [ERROR] !   at knot//…rhino.MemberBox.invoke(MemberBox.java:160)
[21:06:24] [ERROR] !   at knot//…rhino.NativeJavaMethod.call(NativeJavaMethod.java:463)
[21:06:24] [ERROR] !   at knot//…rhino.Interpreter.interpretLoop(Interpreter.java:986)
[21:06:24] [ERROR] !   at script(server_scripts:campfire_comfort.js:6)
[21:06:24] [ERROR] !   at knot//…rhino.Interpreter.interpret(Interpreter.java:370)
[21:06:24] [ERROR] !   at knot//…rhino.InterpretedFunction.call(InterpretedFunction.java:72)
[21:06:24] [ERROR] !   at knot//…rhino.Context.callSync(Context.java:1290)
[21:06:24] [ERROR] !   at knot//…rhino.Context.doTopCall(Context.java:1307)
[21:06:24] [ERROR] !   at knot//…rhino.InterpretedFunction.call(InterpretedFunction.java:70)
[21:06:24] [ERROR] !   at knot//…rhino.Context.callSync(Context.java:1290)
[21:06:24] [ERROR] !   at knot//…rhino.ArrowFunction.call(ArrowFunction.java:42)
[21:06:24] [ERROR] !   at knot//…rhino.Context.callSync(Context.java:1290)
[21:06:24] [ERROR] !   at knot//…rhino.InterfaceAdapter.invoke(InterfaceAdapter.java:125)
[21:06:24] [ERROR] !   at knot//…rhino.VMBridge.lambda$newInterfaceProxy$0(VMBridge.java:74)
[21:06:24] [ERROR] !   at knot/jdk.proxy2/jdk.proxy2.$Proxy119.onEvent(Unknown Source)
[21:06:24] [ERROR] !   at knot//…kubejs.event.EventHandlerContainer.handle(EventHandlerContainer.java:39)
[21:06:24] [ERROR] !   at knot//…kubejs.event.EventHandler.postToHandlers(EventHandler.java:304)
[21:06:24] [ERROR] !   at knot//…kubejs.event.EventHandler.post(EventHandler.java:272)
[21:06:24] [ERROR] !   at knot//…kubejs.event.EventHandler.post(EventHandler.java:226)
[21:06:24] [ERROR] !   at knot//…kubejs.event.EventHandler.post(EventHandler.java:189)
[21:06:24] [ERROR] !   at knot//…kubejs.player.KubeJSPlayerEventHandler.tick(KubeJSPlayerEventHandler.java:55)
[21:06:24] [ERROR] !   at java.lang.invoke.MethodHandle.invokeWithArguments(MethodHandle.java:733)
[21:06:24] [ERROR] !   at knot//dev.architectury.event.EventFactory.invokeMethod(EventFactory.java:53)
[21:06:24] [ERROR] !   at knot//dev.architectury.event.EventFactory$1.handleInvocation(EventFactory.java:62)
[21:06:24] [ERROR] !   at knot//com.google.common.reflect.AbstractInvocationHandler.invoke(AbstractInvocationHandler.java:87)
[21:06:24] [ERROR] !   at knot/jdk.proxy2/jdk.proxy2.$Proxy315.tick(Unknown Source)
[21:06:24] [ERROR] !   at knot//net.minecraft.class_1657.handler$bbo001$architectury$postTick(class_1657.java:9409)
[21:06:24] [ERROR] !   at knot//net.minecraft.class_1657.method_5773(class_1657.java:332)
[21:06:24] [ERROR] !   at knot//net.minecraft.class_3222.method_14226(class_3222.java:510)
[21:06:24] [ERROR] !   at knot//net.minecraft.class_3244.method_18784(class_3244.java:269)
[21:06:24] [ERROR] !   at knot//net.minecraft.class_2535.method_10754(class_2535.java:259)
[21:06:24] [ERROR] !   at knot//net.minecraft.class_3242.method_14357(class_3242.java:172)
[21:06:24] [ERROR] !   at knot//net.minecraft.server.MinecraftServer.method_3813(MinecraftServer.java:908)
[21:06:24] [ERROR] !   at knot//net.minecraft.server.MinecraftServer.method_3748(MinecraftServer.java:824)
[21:06:24] [ERROR] !   at knot//net.minecraft.class_1132.method_3748(class_1132.java:105)
[21:06:24] [ERROR] !   at knot//net.minecraft.server.MinecraftServer.method_29741(MinecraftServer.java:671)
[21:06:24] [ERROR] !   at knot//net.minecraft.server.MinecraftServer.method_29739(MinecraftServer.java:265)
[21:06:24] [ERROR] !   at java.lang.Thread.run(Thread.java:1583)
[21:06:28] [ERROR] ! campfire_comfort.js#6: Error in 'PlayerEvents.tick': Cannot convert dev.latvian.mods.rhino.Undefined@0 to boolean
[21:06:28] [ERROR] ! …rhino.EvaluatorException: Cannot convert …rhino.Undefined@0 to boolean (server_scripts:campfire_comfort.js#6)
[21:06:28] [ERROR] !   at knot//…rhino.DefaultErrorReporter.runtimeError(DefaultErrorReporter.java:67)
[21:06:28] [ERROR] !   at knot//…rhino.Context.reportRuntimeError(Context.java:133)
[21:06:28] [ERROR] !   at knot//…rhino.Context.reportRuntimeError(Context.java:173)
[21:06:28] [ERROR] !   at knot//…rhino.Context.reportRuntimeError2(Context.java:150)
[21:06:28] [ERROR] !   at knot//…rhino.NativeJavaObject.reportConversionError(NativeJavaObject.java:562)
[21:06:28] [ERROR] !   at knot//…rhino.NativeJavaObject.coerceTypeImpl(NativeJavaObject.java:283)
[21:06:28] [ERROR] !   at knot//…rhino.Context.jsToJava(Context.java:237)
[21:06:28] [ERROR] !   at knot//…rhino.InterfaceAdapter.invoke(InterfaceAdapter.java:130)
[21:06:28] [ERROR] !   at knot//…rhino.VMBridge.lambda$newInterfaceProxy$0(VMBridge.java:74)
[21:06:28] [ERROR] !   at jdk.proxy1/jdk.proxy1.$Proxy337.test(Unknown Source)
[21:06:28] [ERROR] !   at knot//net.minecraft.class_2338.method_25997(class_2338.java:500)
[21:06:28] [ERROR] !   at java.lang.reflect.Method.invoke(Method.java:580)
[21:06:28] [ERROR] !   at knot//…rhino.MemberBox.invoke(MemberBox.java:160)
[21:06:28] [ERROR] !   at knot//…rhino.NativeJavaMethod.call(NativeJavaMethod.java:463)
[21:06:28] [ERROR] !   at knot//…rhino.Interpreter.interpretLoop(Interpreter.java:986)
[21:06:28] [ERROR] !   at script(server_scripts:campfire_comfort.js:6)
[21:06:28] [ERROR] !   at knot//…rhino.Interpreter.interpret(Interpreter.java:370)
[21:06:28] [ERROR] !   at knot//…rhino.InterpretedFunction.call(InterpretedFunction.java:72)
[21:06:28] [ERROR] !   at knot//…rhino.Context.callSync(Context.java:1290)
[21:06:28] [ERROR] !   at knot//…rhino.Context.doTopCall(Context.java:1307)
[21:06:28] [ERROR] !   at knot//…rhino.InterpretedFunction.call(InterpretedFunction.java:70)
[21:06:28] [ERROR] !   at knot//…rhino.Context.callSync(Context.java:1290)
[21:06:28] [ERROR] !   at knot//…rhino.ArrowFunction.call(ArrowFunction.java:42)
[21:06:28] [ERROR] !   at knot//…rhino.Context.callSync(Context.java:1290)
[21:06:28] [ERROR] !   at knot//…rhino.InterfaceAdapter.invoke(InterfaceAdapter.java:125)
[21:06:28] [ERROR] !   at knot//…rhino.VMBridge.lambda$newInterfaceProxy$0(VMBridge.java:74)
[21:06:28] [ERROR] !   at knot/jdk.proxy2/jdk.proxy2.$Proxy119.onEvent(Unknown Source)
[21:06:28] [ERROR] !   at knot//…kubejs.event.EventHandlerContainer.handle(EventHandlerContainer.java:39)
[21:06:28] [ERROR] !   at knot//…kubejs.event.EventHandler.postToHandlers(EventHandler.java:304)
[21:06:28] [ERROR] !   at knot//…kubejs.event.EventHandler.post(EventHandler.java:272)
[21:06:28] [ERROR] !   at knot//…kubejs.event.EventHandler.post(EventHandler.java:226)
[21:06:28] [ERROR] !   at knot//…kubejs.event.EventHandler.post(EventHandler.java:189)
[21:06:28] [ERROR] !   at knot//…kubejs.player.KubeJSPlayerEventHandler.tick(KubeJSPlayerEventHandler.java:55)
[21:06:28] [ERROR] !   at java.lang.invoke.MethodHandle.invokeWithArguments(MethodHandle.java:733)
[21:06:28] [ERROR] !   at knot//dev.architectury.event.EventFactory.invokeMethod(EventFactory.java:53)
[21:06:28] [ERROR] !   at knot//dev.architectury.event.EventFactory$1.handleInvocation(EventFactory.java:62)
[21:06:28] [ERROR] !   at knot//com.google.common.reflect.AbstractInvocationHandler.invoke(AbstractInvocationHandler.java:87)
[21:06:28] [ERROR] !   at knot/jdk.proxy2/jdk.proxy2.$Proxy315.tick(Unknown Source)
[21:06:28] [ERROR] !   at knot//net.minecraft.class_1657.handler$bbo001$architectury$postTick(class_1657.java:9409)
[21:06:28] [ERROR] !   at knot//net.minecraft.class_1657.method_5773(class_1657.java:332)
[21:06:28] [ERROR] !   at knot//net.minecraft.class_3222.method_14226(class_3222.java:510)
[21:06:28] [ERROR] !   at knot//net.minecraft.class_3244.method_18784(class_3244.java:269)
[21:06:28] [ERROR] !   at knot//net.minecraft.class_2535.method_10754(class_2535.java:259)
[21:06:28] [ERROR] !   at knot//net.minecraft.class_3242.method_14357(class_3242.java:172)
[21:06:28] [ERROR] !   at knot//net.minecraft.server.MinecraftServer.method_3813(MinecraftServer.java:908)
[21:06:28] [ERROR] !   at knot//net.minecraft.server.MinecraftServer.method_3748(MinecraftServer.java:824)
[21:06:28] [ERROR] !   at knot//net.minecraft.class_1132.method_3748(class_1132.java:105)
[21:06:28] [ERROR] !   at knot//net.minecraft.server.MinecraftServer.method_29741(MinecraftServer.java:671)
[21:06:28] [ERROR] !   at knot//net.minecraft.server.MinecraftServer.method_29739(MinecraftServer.java:265)
[21:06:28] [ERROR] !   at java.lang.Thread.run(Thread.java:1583)
